<?xml version="1.0" encoding="UTF-8"?>
<!-- Generated by org.testng.reporters.JUnitXMLReporter -->
<testsuite hostname="Mohamed-Ossama" ignored="0" tests="2" failures="2" timestamp="01 Feb 2018 14:00:35 GMT" time="112.459" errors="0">
  <testcase name="N_Try_to_input_wrong_mobile_number" time="27.636" classname="Registeration">
    <failure type="java.lang.AssertionError">
      <![CDATA[java.lang.AssertionError: at Registeration.N_Try_to_input_wrong_mobile_number(Registeration.java:43)... Removed 29 stack frames]]>
    </failure>
  </testcase> <!-- N_Try_to_input_wrong_mobile_number -->
  <testcase name="N_Try_proceed_while_the_phone_number_field_is_blank" time="15.264" classname="TC2">
    <failure type="org.openqa.selenium.NoSuchElementException" message="An element could not be located on the page using the given search parameters. (WARNING: The server did not provide any stacktrace information)
Command duration or timeout: 0 milliseconds
For documentation on this error, please visit: http://seleniumhq.org/exceptions/no_such_element.html
Build info: version: &amp;apos;3.8.1&amp;apos;, revision: &amp;apos;6e95a6684b&amp;apos;, time: &amp;apos;2017-12-01T19:05:14.666Z&amp;apos;
System info: host: &amp;apos;MOHAMED-OSSAMA&amp;apos;, ip: &amp;apos;192.168.1.83&amp;apos;, os.name: &amp;apos;Windows 8.1&amp;apos;, os.arch: &amp;apos;amd64&amp;apos;, os.version: &amp;apos;6.3&amp;apos;, java.version: &amp;apos;1.8.0_151&amp;apos;
Driver info: io.appium.java_client.android.AndroidDriver
Capabilities {appActivity: .EBC, appPackage: com.ebc.mvisa.intellisc, databaseEnabled: false, desired: {appActivity: .EBC, appPackage: com.ebc.mvisa.intellisc, deviceName: NE1GAM4782367683, platformName: Android, version: 7.0}, deviceManufacturer: HMD Global, deviceModel: TA-1032, deviceName: NE1GAM4782367683, deviceScreenSize: 720x1280, deviceUDID: NE1GAM4782367683, javascriptEnabled: true, locationContextEnabled: false, networkConnectionEnabled: true, platform: LINUX, platformName: LINUX, platformVersion: 7.1.1, takesScreenshot: true, version: 7.0, warnings: {}, webStorageEnabled: false}
Session ID: ddad2b96-bb7d-44c3-8691-c3cfc43a12d0
*** Element info: {Using=xpath, value=//android.widget.Button[contains(@resource-id,&amp;apos;nextButton&amp;apos;)]}">
      <![CDATA[org.openqa.selenium.NoSuchElementException: An element could not be located on the page using the given search parameters. (WARNING: The server did not provide any stacktrace information)Command duration or timeout: 0 millisecondsFor documentation on this error, please visit: http://seleniumhq.org/exceptions/no_such_element.htmlBuild info: version: '3.8.1', revision: '6e95a6684b', time: '2017-12-01T19:05:14.666Z'System info: host: 'MOHAMED-OSSAMA', ip: '192.168.1.83', os.name: 'Windows 8.1', os.arch: 'amd64', os.version: '6.3', java.version: '1.8.0_151'Driver info: io.appium.java_client.android.AndroidDriverCapabilities {appActivity: .EBC, appPackage: com.ebc.mvisa.intellisc, databaseEnabled: false, desired: {appActivity: .EBC, appPackage: com.ebc.mvisa.intellisc, deviceName: NE1GAM4782367683, platformName: Android, version: 7.0}, deviceManufacturer: HMD Global, deviceModel: TA-1032, deviceName: NE1GAM4782367683, deviceScreenSize: 720x1280, deviceUDID: NE1GAM4782367683, javascriptEnabled: true, locationContextEnabled: false, networkConnectionEnabled: true, platform: LINUX, platformName: LINUX, platformVersion: 7.1.1, takesScreenshot: true, version: 7.0, warnings: {}, webStorageEnabled: false}Session ID: ddad2b96-bb7d-44c3-8691-c3cfc43a12d0*** Element info: {Using=xpath, value=//android.widget.Button[contains(@resource-id,'nextButton')]}at org.openqa.selenium.remote.ErrorHandler.createThrowable(ErrorHandler.java:214)at org.openqa.selenium.remote.ErrorHandler.throwIfResponseFailed(ErrorHandler.java:166)at org.openqa.selenium.remote.http.JsonHttpResponseCodec.reconstructValue(JsonHttpResponseCodec.java:40)at org.openqa.selenium.remote.http.AbstractHttpResponseCodec.decode(AbstractHttpResponseCodec.java:80)at org.openqa.selenium.remote.http.AbstractHttpResponseCodec.decode(AbstractHttpResponseCodec.java:44)at org.openqa.selenium.remote.HttpCommandExecutor.execute(HttpCommandExecutor.java:164)at io.appium.java_client.remote.AppiumCommandExecutor.execute(AppiumCommandExecutor.java:89)at org.openqa.selenium.remote.RemoteWebDriver.execute(RemoteWebDriver.java:601)at io.appium.java_client.DefaultGenericMobileDriver.execute(DefaultGenericMobileDriver.java:42)at io.appium.java_client.AppiumDriver.execute(AppiumDriver.java:1)at io.appium.java_client.android.AndroidDriver.execute(AndroidDriver.java:1)at org.openqa.selenium.remote.RemoteWebDriver.findElement(RemoteWebDriver.java:371)at io.appium.java_client.DefaultGenericMobileDriver.findElement(DefaultGenericMobileDriver.java:62)at io.appium.java_client.AppiumDriver.findElement(AppiumDriver.java:1)at io.appium.java_client.android.AndroidDriver.findElement(AndroidDriver.java:1)at org.openqa.selenium.remote.RemoteWebDriver.findElementByXPath(RemoteWebDriver.java:473)at io.appium.java_client.DefaultGenericMobileDriver.findElementByXPath(DefaultGenericMobileDriver.java:140)at io.appium.java_client.AppiumDriver.findElementByXPath(AppiumDriver.java:1)at io.appium.java_client.android.AndroidDriver.findElementByXPath(AndroidDriver.java:1)at org.openqa.selenium.By$ByXPath.findElement(By.java:361)at org.openqa.selenium.remote.RemoteWebDriver.findElement(RemoteWebDriver.java:363)at io.appium.java_client.DefaultGenericMobileDriver.findElement(DefaultGenericMobileDriver.java:58)at io.appium.java_client.AppiumDriver.findElement(AppiumDriver.java:1)at io.appium.java_client.android.AndroidDriver.findElement(AndroidDriver.java:1)at TC2.N_Try_proceed_while_the_phone_number_field_is_blank(TC2.java:28)... Removed 29 stack frames]]>
    </failure>
  </testcase> <!-- N_Try_proceed_while_the_phone_number_field_is_blank -->
</testsuite>
