<?xml version="1.0" encoding="UTF-8"?>
<!-- Generated by org.testng.reporters.JUnitXMLReporter -->
<testsuite hostname="Mohamed-Ossama" ignored="0" tests="0" failures="0" timestamp="31 Jan 2018 14:42:54 GMT" time="0.125" errors="0">
  <testcase name="@BeforeTest dependencies" time="0.093" classname="Base.Base">
    <failure type="java.lang.NoClassDefFoundError" message="org/apache/http/config/RegistryBuilder">
      <![CDATA[java.lang.NoClassDefFoundError: org/apache/http/config/RegistryBuilderat org.openqa.selenium.remote.internal.HttpClientFactory.getClientConnectionManager(HttpClientFactory.java:69)at org.openqa.selenium.remote.internal.HttpClientFactory.<init>(HttpClientFactory.java:57)at org.openqa.selenium.remote.internal.HttpClientFactory.<init>(HttpClientFactory.java:60)at org.openqa.selenium.remote.internal.ApacheHttpClient$Factory.getDefaultHttpClientFactory(ApacheHttpClient.java:242)at org.openqa.selenium.remote.internal.ApacheHttpClient$Factory.<init>(ApacheHttpClient.java:219)at io.appium.java_client.remote.AppiumCommandExecutor.<init>(AppiumCommandExecutor.java:69)at io.appium.java_client.AppiumDriver.<init>(AppiumDriver.java:92)at io.appium.java_client.android.AndroidDriver.<init>(AndroidDriver.java:72)at Base.Base.dependencies(Base.java:34)Caused by: java.lang.ClassNotFoundException: org.apache.http.config.RegistryBuilderat java.net.URLClassLoader.findClass(Unknown Source)at java.lang.ClassLoader.loadClass(Unknown Source)at sun.misc.Launcher$AppClassLoader.loadClass(Unknown Source)at java.lang.ClassLoader.loadClass(Unknown Source)... 33 more... Removed 24 stack frames]]>
    </failure>
  </testcase> <!-- @BeforeTest dependencies -->
  <testcase name="@AfterTest after" time="0.0" classname="Base.Base">
    <skipped/>
  </testcase> <!-- @AfterTest after -->
</testsuite>
