<?xml version="1.0" encoding="UTF-8"?>
<!-- Generated by org.testng.reporters.JUnitXMLReporter -->
<testsuite hostname="Mohamed-Ossama" ignored="0" tests="2" failures="2" timestamp="31 Jan 2018 07:22:41 GMT" time="1.809" errors="0">
  <testcase name="fail" time="0.015" classname="Test2">
    <failure type="java.lang.AssertionError" message="expected [true] but found [false]">
      <![CDATA[java.lang.AssertionError: expected [true] but found [false]at Test2.fail(Test2.java:40)... Removed 29 stack frames]]>
    </failure>
  </testcase> <!-- fail -->
  <testcase name="pass" time="0.0" classname="Test2">
    <failure type="java.lang.AssertionError" message="expected [true] but found [false]">
      <![CDATA[java.lang.AssertionError: expected [true] but found [false]at Test2.pass(Test2.java:34)... Removed 29 stack frames]]>
    </failure>
  </testcase> <!-- pass -->
</testsuite>
