<?xml version="1.0" encoding="UTF-8"?>
<testsuite name="Registeration"
           tests="5"
           failures="1"
           errors="0"
           skipped="0"
           time="80.858">
  <properties />
            <testcase name="N_Try_to_input_chars_in_mobile_number" time="25.760" classname="Registeration">
                <failure type="org.openqa.selenium.NoSuchElementException"
                  message="An element could not be located on the page using the given search parameters. (WARNING: The server did not provide any stacktrace information)
Command duration or timeout: 0 milliseconds
For documentation on this error, please visit: http://seleniumhq.org/exceptions/no_such_element.html
Build info: version: &apos;3.8.1&apos;, revision: &apos;6e95a6684b&apos;, time: &apos;2017-12-01T19:05:14.666Z&apos;
System info: host: &apos;MOHAMED-OSSAMA&apos;, ip: &apos;192.168.1.83&apos;, os.name: &apos;Windows 8.1&apos;, os.arch: &apos;amd64&apos;, os.version: &apos;6.3&apos;, java.version: &apos;1.8.0_151&apos;
Driver info: io.appium.java_client.android.AndroidDriver
Capabilities {appActivity: .EBC, appPackage: com.ebc.mvisa.intellisc, databaseEnabled: false, desired: {appActivity: .EBC, appPackage: com.ebc.mvisa.intellisc, deviceName: NE1GAM4782367683, platformName: Android, version: 7.0}, deviceManufacturer: HMD Global, deviceModel: TA-1032, deviceName: NE1GAM4782367683, deviceScreenSize: 720x1280, deviceUDID: NE1GAM4782367683, javascriptEnabled: true, locationContextEnabled: false, networkConnectionEnabled: true, platform: LINUX, platformName: LINUX, platformVersion: 7.1.1, takesScreenshot: true, version: 7.0, warnings: {}, webStorageEnabled: false}
Session ID: 251c7ee9-9ad1-4883-9942-93b15c9140b2
*** Element info: {Using=xpath, value=/hierarchy/android.widget.FrameLayout/android.widget.LinearLayout/android.widget.FrameLayout/android.widget.LinearLayout/android.widget.FrameLayout/android.webkit.WebView/android.webkit.WebView/android.view.View/android.view.View[4]/android.view.View/android.view.View/android.view.View[2]/android.view.View/android.view.View[31]/android.view.View}"
              >
<![CDATA[org.openqa.selenium.NoSuchElementException: An element could not be located on the page using the given search parameters. (WARNING: The server did not provide any stacktrace information)
Command duration or timeout: 0 milliseconds
For documentation on this error, please visit: http://seleniumhq.org/exceptions/no_such_element.html
Build info: version: '3.8.1', revision: '6e95a6684b', time: '2017-12-01T19:05:14.666Z'
System info: host: 'MOHAMED-OSSAMA', ip: '192.168.1.83', os.name: 'Windows 8.1', os.arch: 'amd64', os.version: '6.3', java.version: '1.8.0_151'
Driver info: io.appium.java_client.android.AndroidDriver
Capabilities {appActivity: .EBC, appPackage: com.ebc.mvisa.intellisc, databaseEnabled: false, desired: {appActivity: .EBC, appPackage: com.ebc.mvisa.intellisc, deviceName: NE1GAM4782367683, platformName: Android, version: 7.0}, deviceManufacturer: HMD Global, deviceModel: TA-1032, deviceName: NE1GAM4782367683, deviceScreenSize: 720x1280, deviceUDID: NE1GAM4782367683, javascriptEnabled: true, locationContextEnabled: false, networkConnectionEnabled: true, platform: LINUX, platformName: LINUX, platformVersion: 7.1.1, takesScreenshot: true, version: 7.0, warnings: {}, webStorageEnabled: false}
Session ID: 251c7ee9-9ad1-4883-9942-93b15c9140b2
*** Element info: {Using=xpath, value=/hierarchy/android.widget.FrameLayout/android.widget.LinearLayout/android.widget.FrameLayout/android.widget.LinearLayout/android.widget.FrameLayout/android.webkit.WebView/android.webkit.WebView/android.view.View/android.view.View[4]/android.view.View/android.view.View/android.view.View[2]/android.view.View/android.view.View[31]/android.view.View}
  sun.reflect.NativeConstructorAccessorImpl.newInstance0(Native Method)
  sun.reflect.NativeConstructorAccessorImpl.newInstance(Unknown Source)
  sun.reflect.DelegatingConstructorAccessorImpl.newInstance(Unknown Source)
  java.lang.reflect.Constructor.newInstance(Unknown Source)
  org.openqa.selenium.remote.ErrorHandler.createThrowable(ErrorHandler.java:214)
  org.openqa.selenium.remote.ErrorHandler.throwIfResponseFailed(ErrorHandler.java:166)
  org.openqa.selenium.remote.http.JsonHttpResponseCodec.reconstructValue(JsonHttpResponseCodec.java:40)
  org.openqa.selenium.remote.http.AbstractHttpResponseCodec.decode(AbstractHttpResponseCodec.java:80)
  org.openqa.selenium.remote.http.AbstractHttpResponseCodec.decode(AbstractHttpResponseCodec.java:44)
  org.openqa.selenium.remote.HttpCommandExecutor.execute(HttpCommandExecutor.java:164)
  io.appium.java_client.remote.AppiumCommandExecutor.execute(AppiumCommandExecutor.java:89)
  org.openqa.selenium.remote.RemoteWebDriver.execute(RemoteWebDriver.java:601)
  io.appium.java_client.DefaultGenericMobileDriver.execute(DefaultGenericMobileDriver.java:42)
  io.appium.java_client.AppiumDriver.execute(AppiumDriver.java:1)
  io.appium.java_client.android.AndroidDriver.execute(AndroidDriver.java:1)
  org.openqa.selenium.remote.RemoteWebDriver.findElement(RemoteWebDriver.java:371)
  io.appium.java_client.DefaultGenericMobileDriver.findElement(DefaultGenericMobileDriver.java:62)
  io.appium.java_client.AppiumDriver.findElement(AppiumDriver.java:1)
  io.appium.java_client.android.AndroidDriver.findElement(AndroidDriver.java:1)
  org.openqa.selenium.remote.RemoteWebDriver.findElementByXPath(RemoteWebDriver.java:473)
  io.appium.java_client.DefaultGenericMobileDriver.findElementByXPath(DefaultGenericMobileDriver.java:140)
  io.appium.java_client.AppiumDriver.findElementByXPath(AppiumDriver.java:1)
  io.appium.java_client.android.AndroidDriver.findElementByXPath(AndroidDriver.java:1)
  Registeration.N_Try_to_input_chars_in_mobile_number(Registeration.java:88)
  sun.reflect.NativeMethodAccessorImpl.invoke0(Native Method)
  sun.reflect.NativeMethodAccessorImpl.invoke(Unknown Source)
  sun.reflect.DelegatingMethodAccessorImpl.invoke(Unknown Source)
  java.lang.reflect.Method.invoke(Unknown Source)
  org.testng.internal.MethodInvocationHelper.invokeMethod(MethodInvocationHelper.java:124)
  org.testng.internal.Invoker.invokeMethod(Invoker.java:571)
  org.testng.internal.Invoker.invokeTestMethod(Invoker.java:707)
  org.testng.internal.Invoker.invokeTestMethods(Invoker.java:979)
  org.testng.internal.TestMethodWorker.invokeTestMethods(TestMethodWorker.java:125)
  org.testng.internal.TestMethodWorker.run(TestMethodWorker.java:109)
  org.testng.TestRunner.privateRun(TestRunner.java:648)
  org.testng.TestRunner.run(TestRunner.java:505)
  org.testng.SuiteRunner.runTest(SuiteRunner.java:455)
  org.testng.SuiteRunner.runSequentially(SuiteRunner.java:450)
  org.testng.SuiteRunner.privateRun(SuiteRunner.java:415)
  org.testng.SuiteRunner.run(SuiteRunner.java:364)
  org.testng.SuiteRunnerWorker.runSuite(SuiteRunnerWorker.java:52)
  org.testng.SuiteRunnerWorker.run(SuiteRunnerWorker.java:84)
  org.testng.TestNG.runSuitesSequentially(TestNG.java:1187)
  org.testng.TestNG.runSuitesLocally(TestNG.java:1116)
  org.testng.TestNG.runSuites(TestNG.java:1028)
  org.testng.TestNG.run(TestNG.java:996)
  org.testng.remote.AbstractRemoteTestNG.run(AbstractRemoteTestNG.java:114)
  org.testng.remote.RemoteTestNG.initAndRun(RemoteTestNG.java:251)
  org.testng.remote.RemoteTestNG.main(RemoteTestNG.java:77)
]]>
      </failure>

          </testcase>
  
  
            <testcase name="N_Try_proceed_while_the_mobile_number_field_is_blank" time="2.343" classname="Registeration" />
                <testcase name="N_Try_to_input_special_chars_in_mobile_number" time="8.953" classname="Registeration" />
                <testcase name="N_Try_to_input_wrong_mobile_number" time="29.445" classname="Registeration" />
                <testcase name="P_Try_to_input_valid_mobile_number" time="14.357" classname="Registeration" />
      
</testsuite>
