<?xml version="1.0" encoding="UTF-8"?>
<testng-results skipped="0" failed="0" ignored="0" total="1" passed="1">
  <reporter-output>
  </reporter-output>
  <suite name="Default suite" duration-ms="56192" started-at="2018-04-01T14:09:58Z" finished-at="2018-04-01T14:10:54Z">
    <groups>
    </groups>
    <test name="Default test" duration-ms="56192" started-at="2018-04-01T14:09:58Z" finished-at="2018-04-01T14:10:54Z">
      <class name="Registeration">
        <test-method status="PASS" signature="dependencies()[pri:0, instance:Registeration@59494225]" name="dependencies" is-config="true" duration-ms="35730" started-at="2018-04-01T14:09:58Z" finished-at="2018-04-01T14:10:34Z">
          <reporter-output>
          </reporter-output>
        </test-method> <!-- dependencies -->
        <test-method status="PASS" signature="N_Try_to_input_wrong_mobile_number()[pri:0, instance:Registeration@59494225]" name="N_Try_to_input_wrong_mobile_number" duration-ms="20447" started-at="2018-04-01T14:10:34Z" finished-at="2018-04-01T14:10:54Z">
          <reporter-output>
          </reporter-output>
        </test-method> <!-- N_Try_to_input_wrong_mobile_number -->
        <test-method status="PASS" signature="report()[pri:0, instance:Registeration@59494225]" name="report" is-config="true" duration-ms="7125" started-at="2018-04-01T14:10:54Z" finished-at="2018-04-01T14:11:02Z">
          <reporter-output>
          </reporter-output>
        </test-method> <!-- report -->
      </class> <!-- Registeration -->
    </test> <!-- Default test -->
  </suite> <!-- Default suite -->
</testng-results>
